<?xml version="1.0" encoding="UTF-8"?>
<!-- Generated by org.testng.reporters.JUnitXMLReporter -->
<testsuite ignored="0" hostname="LAPTOP-FRN2CLS6" failures="0" tests="7" name="Surefire test" time="58.595" errors="0" timestamp="10 Aug. 2022 19:05:16 GMT">
  <testcase classname="tests.RegisterPageTest" name="RegisterUser" time="0.514"/>
  <testcase classname="tests.WelcomeHomePageTest" name="ClickOnAgentlogin" time="3.853"/>
  <testcase classname="tests.WelcomeHomePageTest" name="ClickOnLogin" time="1.469"/>
  <testcase classname="tests.WelcomeHomePageTest" name="ClickOnRegisterButton" time="1.099"/>
  <testcase classname="tests.WelcomeHomePageTest" name="Title" time="0.005"/>
  <testcase classname="tests.WelcomeHomePageTest" name="VerifyingBClogo" time="0.674"/>
  <testcase classname="tests.WelcomeHomePageTest" name="VerifyingIELTSlogo" time="0.532"/>
</testsuite> <!-- Surefire test -->
