<?xml version="1.0" encoding="UTF-8"?>
<!-- Generated by org.testng.reporters.JUnitXMLReporter -->
<testsuite ignored="0" hostname="LAPTOP-FRN2CLS6" failures="0" tests="7" name="Test" time="61.632" errors="0" timestamp="2022-08-09T16:08:53 EDT">
  <testcase classname="tests.RegisterPageTest" name="RegisterUser" time="0.6"/>
  <testcase classname="tests.WelcomeHomePageTest" name="ClickOnAgentlogin" time="3.633"/>
  <testcase classname="tests.WelcomeHomePageTest" name="ClickOnLogin" time="0.602"/>
  <testcase classname="tests.WelcomeHomePageTest" name="ClickOnRegisterButton" time="1.282"/>
  <testcase classname="tests.WelcomeHomePageTest" name="Title" time="0.01"/>
  <testcase classname="tests.WelcomeHomePageTest" name="VerifyingBClogo" time="0.494"/>
  <testcase classname="tests.WelcomeHomePageTest" name="VerifyingIELTSlogo" time="0.398"/>
</testsuite> <!-- Test -->
