<?xml version="1.0" encoding="UTF-8"?>
<testsuite xmlns:xsi="http://www.w3.org/2001/XMLSchema-instance" xsi:noNamespaceSchemaLocation="https://maven.apache.org/surefire/maven-surefire-plugin/xsd/surefire-test-report.xsd" name="TestSuite" time="59.024" tests="7" errors="0" skipped="0" failures="0">
  <properties>
[...]
</properties>
  <testcase name="RegisterUser" classname="tests.RegisterPageTest" time="0.515"/>
  <testcase name="ClickOnAgentlogin" classname="tests.WelcomeHomePageTest" time="3.853"/>
  <testcase name="ClickOnLogin" classname="tests.WelcomeHomePageTest" time="1.469"/>
  <testcase name="ClickOnRegisterButton" classname="tests.WelcomeHomePageTest" time="1.098"/>
  <testcase name="Title" classname="tests.WelcomeHomePageTest" time="0.005"/>
  <testcase name="VerifyingBClogo" classname="tests.WelcomeHomePageTest" time="0.675"/>
  <testcase name="VerifyingIELTSlogo" classname="tests.WelcomeHomePageTest" time="0.533"/>
</testsuite>