<?xml version="1.0" encoding="UTF-8"?>
<testng-results ignored="0" total="7" passed="7" failed="0" skipped="0">
  <reporter-output>
  </reporter-output>
  <suite started-at="2022-08-10T19:04:17Z" name="Surefire suite" finished-at="2022-08-10T19:05:16Z" duration-ms="58595">
    <groups>
    </groups>
    <test started-at="2022-08-10T19:04:17Z" name="Surefire test" finished-at="2022-08-10T19:05:16Z" duration-ms="58595">
      <class name="tests.RegisterPageTest">
        <test-method is-config="true" signature="setup()[pri:0, instance:tests.RegisterPageTest@10a035a0]" started-at="2022-08-10T15:04:17Z" name="setup" finished-at="2022-08-10T15:04:26Z" duration-ms="8629" status="PASS">
          <reporter-output>
          </reporter-output>
        </test-method> <!-- setup -->
        <test-method signature="RegisterUser()[pri:0, instance:tests.RegisterPageTest@10a035a0]" started-at="2022-08-10T15:04:26Z" name="RegisterUser" finished-at="2022-08-10T15:04:27Z" duration-ms="514" status="PASS">
          <reporter-output>
          </reporter-output>
        </test-method> <!-- RegisterUser -->
        <test-method is-config="true" signature="TearDown()[pri:0, instance:tests.RegisterPageTest@10a035a0]" started-at="2022-08-10T15:04:27Z" name="TearDown" finished-at="2022-08-10T15:04:28Z" duration-ms="1452" status="PASS">
          <reporter-output>
          </reporter-output>
        </test-method> <!-- TearDown -->
      </class> <!-- tests.RegisterPageTest -->
      <class name="tests.WelcomeHomePageTest">
        <test-method is-config="true" signature="setup()[pri:0, instance:tests.WelcomeHomePageTest@67b467e9]" started-at="2022-08-10T15:04:28Z" name="setup" finished-at="2022-08-10T15:04:34Z" duration-ms="5614" status="PASS">
          <reporter-output>
          </reporter-output>
        </test-method> <!-- setup -->
        <test-method signature="ClickOnAgentlogin()[pri:0, instance:tests.WelcomeHomePageTest@67b467e9]" started-at="2022-08-10T15:04:34Z" name="ClickOnAgentlogin" finished-at="2022-08-10T15:04:37Z" duration-ms="3853" status="PASS">
          <reporter-output>
          </reporter-output>
        </test-method> <!-- ClickOnAgentlogin -->
        <test-method is-config="true" signature="TearDown()[pri:0, instance:tests.WelcomeHomePageTest@67b467e9]" started-at="2022-08-10T15:04:37Z" name="TearDown" finished-at="2022-08-10T15:04:39Z" duration-ms="1361" status="PASS">
          <reporter-output>
          </reporter-output>
        </test-method> <!-- TearDown -->
        <test-method is-config="true" signature="setup()[pri:0, instance:tests.WelcomeHomePageTest@67b467e9]" started-at="2022-08-10T15:04:39Z" name="setup" finished-at="2022-08-10T15:04:44Z" duration-ms="5424" status="PASS">
          <reporter-output>
          </reporter-output>
        </test-method> <!-- setup -->
        <test-method signature="ClickOnLogin()[pri:0, instance:tests.WelcomeHomePageTest@67b467e9]" started-at="2022-08-10T15:04:44Z" name="ClickOnLogin" finished-at="2022-08-10T15:04:46Z" duration-ms="1469" status="PASS">
          <reporter-output>
          </reporter-output>
        </test-method> <!-- ClickOnLogin -->
        <test-method is-config="true" signature="TearDown()[pri:0, instance:tests.WelcomeHomePageTest@67b467e9]" started-at="2022-08-10T15:04:46Z" name="TearDown" finished-at="2022-08-10T15:04:47Z" duration-ms="1350" status="PASS">
          <reporter-output>
          </reporter-output>
        </test-method> <!-- TearDown -->
        <test-method is-config="true" signature="setup()[pri:0, instance:tests.WelcomeHomePageTest@67b467e9]" started-at="2022-08-10T15:04:47Z" name="setup" finished-at="2022-08-10T15:04:53Z" duration-ms="5577" status="PASS">
          <reporter-output>
          </reporter-output>
        </test-method> <!-- setup -->
        <test-method signature="ClickOnRegisterButton()[pri:0, instance:tests.WelcomeHomePageTest@67b467e9]" started-at="2022-08-10T15:04:53Z" name="ClickOnRegisterButton" finished-at="2022-08-10T15:04:54Z" duration-ms="1099" status="PASS">
          <reporter-output>
          </reporter-output>
        </test-method> <!-- ClickOnRegisterButton -->
        <test-method is-config="true" signature="TearDown()[pri:0, instance:tests.WelcomeHomePageTest@67b467e9]" started-at="2022-08-10T15:04:54Z" name="TearDown" finished-at="2022-08-10T15:04:55Z" duration-ms="1308" status="PASS">
          <reporter-output>
          </reporter-output>
        </test-method> <!-- TearDown -->
        <test-method is-config="true" signature="setup()[pri:0, instance:tests.WelcomeHomePageTest@67b467e9]" started-at="2022-08-10T15:04:55Z" name="setup" finished-at="2022-08-10T15:05:00Z" duration-ms="5232" status="PASS">
          <reporter-output>
          </reporter-output>
        </test-method> <!-- setup -->
        <test-method signature="Title()[pri:0, instance:tests.WelcomeHomePageTest@67b467e9]" started-at="2022-08-10T15:05:00Z" name="Title" finished-at="2022-08-10T15:05:00Z" duration-ms="5" status="PASS">
          <reporter-output>
          </reporter-output>
        </test-method> <!-- Title -->
        <test-method is-config="true" signature="TearDown()[pri:0, instance:tests.WelcomeHomePageTest@67b467e9]" started-at="2022-08-10T15:05:00Z" name="TearDown" finished-at="2022-08-10T15:05:02Z" duration-ms="1310" status="PASS">
          <reporter-output>
          </reporter-output>
        </test-method> <!-- TearDown -->
        <test-method is-config="true" signature="setup()[pri:0, instance:tests.WelcomeHomePageTest@67b467e9]" started-at="2022-08-10T15:05:02Z" name="setup" finished-at="2022-08-10T15:05:07Z" duration-ms="5318" status="PASS">
          <reporter-output>
          </reporter-output>
        </test-method> <!-- setup -->
        <test-method signature="VerifyingBClogo()[pri:0, instance:tests.WelcomeHomePageTest@67b467e9]" started-at="2022-08-10T15:05:07Z" name="VerifyingBClogo" finished-at="2022-08-10T15:05:08Z" duration-ms="674" status="PASS">
          <reporter-output>
          </reporter-output>
        </test-method> <!-- VerifyingBClogo -->
        <test-method is-config="true" signature="TearDown()[pri:0, instance:tests.WelcomeHomePageTest@67b467e9]" started-at="2022-08-10T15:05:08Z" name="TearDown" finished-at="2022-08-10T15:05:09Z" duration-ms="1272" status="PASS">
          <reporter-output>
          </reporter-output>
        </test-method> <!-- TearDown -->
        <test-method is-config="true" signature="setup()[pri:0, instance:tests.WelcomeHomePageTest@67b467e9]" started-at="2022-08-10T15:05:09Z" name="setup" finished-at="2022-08-10T15:05:14Z" duration-ms="5262" status="PASS">
          <reporter-output>
          </reporter-output>
        </test-method> <!-- setup -->
        <test-method signature="VerifyingIELTSlogo()[pri:0, instance:tests.WelcomeHomePageTest@67b467e9]" started-at="2022-08-10T15:05:14Z" name="VerifyingIELTSlogo" finished-at="2022-08-10T15:05:15Z" duration-ms="532" status="PASS">
          <reporter-output>
          </reporter-output>
        </test-method> <!-- VerifyingIELTSlogo -->
        <test-method is-config="true" signature="TearDown()[pri:0, instance:tests.WelcomeHomePageTest@67b467e9]" started-at="2022-08-10T15:05:15Z" name="TearDown" finished-at="2022-08-10T15:05:16Z" duration-ms="1313" status="PASS">
          <reporter-output>
          </reporter-output>
        </test-method> <!-- TearDown -->
      </class> <!-- tests.WelcomeHomePageTest -->
    </test> <!-- Surefire test -->
  </suite> <!-- Surefire suite -->
</testng-results>
